# JRE version: OpenJDK Runtime Environment Temurin-23.0.1+11 (23.0.1+11) (build 23.0.1+11)
# Java VM: OpenJDK 64-Bit Server VM Temurin-23.0.1+11 (23.0.1+11, mixed mode, emulated-client, sharing, tiered, compressed oops, compressed class ptrs, g1 gc, windows-amd64)
GC Precious Log:
 CardTable entry size: 512
 Card Set container configuration: InlinePtr #cards 5 size 8 Array Of Cards #cards 10 size 36 Howl #buckets 4 coarsen threshold 1843 Howl Bitmap #cards 512 size 80 coarsen threshold 460 Card regions per heap region 1 cards per card region 2048
 CPUs: 16 total, 16 available
 Memory: 15775M
 Large Page Support: Disabled
 NUMA Support: Disabled
 Compressed Oops: Enabled (32-bit)
 Heap Region Size: 1M
 Heap Min Capacity: 8M
 Heap Initial Capacity: 248M
 Heap Max Capacity: 1G
 Pre-touch: Disabled
 Parallel Workers: 13
 Concurrent Workers: 3
 Concurrent Refinement Workers: 13
 Periodic GC: Disabled
Heap:
 garbage-first heap   total reserved 1048576K, committed 102400K, used 43981K [0x00000000c0000000, 0x0000000100000000)
  region size 1024K, 1 young (1024K), 0 survivors (0K)
 Metaspace       used 56908K, committed 57792K, reserved 1114112K
  class space    used 7495K, committed 7872K, reserved 1048576K
GC Heap History (20 events):
Event: 3182.247 GC heap after
{Heap after GC invocations=297 (full 256):
 garbage-first heap   total reserved 1048576K, committed 102400K, used 43981K [0x00000000c0000000, 0x0000000100000000)
  region size 1024K, 0 young (0K), 0 survivors (0K)
 Metaspace       used 56908K, committed 57792K, reserved 1114112K
  class space    used 7495K, committed 7872K, reserved 1048576K
}
Event: 3192.563 GC heap before
{Heap before GC invocations=297 (full 256):
 garbage-first heap   total reserved 1048576K, committed 102400K, used 43981K [0x00000000c0000000, 0x0000000100000000)
  region size 1024K, 1 young (1024K), 0 survivors (0K)
 Metaspace       used 56908K, committed 57792K, reserved 1114112K
  class space    used 7495K, committed 7872K, reserved 1048576K
}
Event: 3192.614 GC heap after
{Heap after GC invocations=298 (full 257):
 garbage-first heap   total reserved 1048576K, committed 102400K, used 43981K [0x00000000c0000000, 0x0000000100000000)
  region size 1024K, 0 young (0K), 0 survivors (0K)
 Metaspace       used 56908K, committed 57792K, reserved 1114112K
  class space    used 7495K, committed 7872K, reserved 1048576K
}
Event: 3202.877 GC heap before
{Heap before GC invocations=298 (full 257):
 garbage-first heap   total reserved 1048576K, committed 102400K, used 43981K [0x00000000c0000000, 0x0000000100000000)
  region size 1024K, 1 young (1024K), 0 survivors (0K)
 Metaspace       used 56908K, committed 57792K, reserved 1114112K
  class space    used 7495K, committed 7872K, reserved 1048576K
}
Event: 3202.914 GC heap after
{Heap after GC invocations=299 (full 258):
 garbage-first heap   total reserved 1048576K, committed 102400K, used 43981K [0x00000000c0000000, 0x0000000100000000)
  region size 1024K, 0 young (0K), 0 survivors (0K)
 Metaspace       used 56908K, committed 57792K, reserved 1114112K
  class space    used 7495K, committed 7872K, reserved 1048576K
}
Event: 3213.127 GC heap before
{Heap before GC invocations=299 (full 258):
 garbage-first heap   total reserved 1048576K, committed 102400K, used 43981K [0x00000000c0000000, 0x0000000100000000)
  region size 1024K, 1 young (1024K), 0 survivors (0K)
 Metaspace       used 56908K, committed 57792K, reserved 1114112K
  class space    used 7495K, committed 7872K, reserved 1048576K
}
Event: 3213.160 GC heap after
{Heap after GC invocations=300 (full 259):
 garbage-first heap   total reserved 1048576K, committed 102400K, used 43981K [0x00000000c0000000, 0x0000000100000000)
  region size 1024K, 0 young (0K), 0 survivors (0K)
 Metaspace       used 56908K, committed 57792K, reserved 1114112K
  class space    used 7495K, committed 7872K, reserved 1048576K
}
Event: 3223.398 GC heap before
{Heap before GC invocations=300 (full 259):
 garbage-first heap   total reserved 1048576K, committed 102400K, used 43981K [0x00000000c0000000, 0x0000000100000000)
  region size 1024K, 1 young (1024K), 0 survivors (0K)
 Metaspace       used 56908K, committed 57792K, reserved 1114112K
  class space    used 7495K, committed 7872K, reserved 1048576K
}
Event: 3223.436 GC heap after
{Heap after GC invocations=301 (full 260):
 garbage-first heap   total reserved 1048576K, committed 102400K, used 43981K [0x00000000c0000000, 0x0000000100000000)
  region size 1024K, 0 young (0K), 0 survivors (0K)
 Metaspace       used 56908K, committed 57792K, reserved 1114112K
  class space    used 7495K, committed 7872K, reserved 1048576K
}
Event: 3233.668 GC heap before
{Heap before GC invocations=301 (full 260):
 garbage-first heap   total reserved 1048576K, committed 102400K, used 43981K [0x00000000c0000000, 0x0000000100000000)
  region size 1024K, 1 young (1024K), 0 survivors (0K)
 Metaspace       used 56908K, committed 57792K, reserved 1114112K
  class space    used 7495K, committed 7872K, reserved 1048576K
}
Event: 3233.710 GC heap after
{Heap after GC invocations=302 (full 261):
 garbage-first heap   total reserved 1048576K, committed 102400K, used 43981K [0x00000000c0000000, 0x0000000100000000)
  region size 1024K, 0 young (0K), 0 survivors (0K)
 Metaspace       used 56908K, committed 57792K, reserved 1114112K
  class space    used 7495K, committed 7872K, reserved 1048576K
}
Event: 3244.004 GC heap before
{Heap before GC invocations=302 (full 261):
 garbage-first heap   total reserved 1048576K, committed 102400K, used 43981K [0x00000000c0000000, 0x0000000100000000)
  region size 1024K, 1 young (1024K), 0 survivors (0K)
 Metaspace       used 56908K, committed 57792K, reserved 1114112K
  class space    used 7495K, committed 7872K, reserved 1048576K
}
Event: 3244.037 GC heap after
{Heap after GC invocations=303 (full 262):
 garbage-first heap   total reserved 1048576K, committed 102400K, used 43981K [0x00000000c0000000, 0x0000000100000000)
  region size 1024K, 0 young (0K), 0 survivors (0K)
 Metaspace       used 56908K, committed 57792K, reserved 1114112K
  class space    used 7495K, committed 7872K, reserved 1048576K
}
Event: 3254.483 GC heap before
{Heap before GC invocations=303 (full 262):
 garbage-first heap   total reserved 1048576K, committed 102400K, used 43981K [0x00000000c0000000, 0x0000000100000000)
  region size 1024K, 1 young (1024K), 0 survivors (0K)
 Metaspace       used 56908K, committed 57792K, reserved 1114112K
  class space    used 7495K, committed 7872K, reserved 1048576K
}
Event: 3254.524 GC heap after
{Heap after GC invocations=304 (full 263):
 garbage-first heap   total reserved 1048576K, committed 102400K, used 43981K [0x00000000c0000000, 0x0000000100000000)
  region size 1024K, 0 young (0K), 0 survivors (0K)
 Metaspace       used 56908K, committed 57792K, reserved 1114112K
  class space    used 7495K, committed 7872K, reserved 1048576K
}
Event: 3264.763 GC heap before
{Heap before GC invocations=304 (full 263):
 garbage-first heap   total reserved 1048576K, committed 102400K, used 43981K [0x00000000c0000000, 0x0000000100000000)
  region size 1024K, 1 young (1024K), 0 survivors (0K)
 Metaspace       used 56908K, committed 57792K, reserved 1114112K
  class space    used 7495K, committed 7872K, reserved 1048576K
}
Event: 3264.796 GC heap after
{Heap after GC invocations=305 (full 264):
 garbage-first heap   total reserved 1048576K, committed 102400K, used 43981K [0x00000000c0000000, 0x0000000100000000)
  region size 1024K, 0 young (0K), 0 survivors (0K)
 Metaspace       used 56908K, committed 57792K, reserved 1114112K
  class space    used 7495K, committed 7872K, reserved 1048576K
}
Event: 3275.031 GC heap before
{Heap before GC invocations=305 (full 264):
 garbage-first heap   total reserved 1048576K, committed 102400K, used 43981K [0x00000000c0000000, 0x0000000100000000)
  region size 1024K, 1 young (1024K), 0 survivors (0K)
 Metaspace       used 56908K, committed 57792K, reserved 1114112K
  class space    used 7495K, committed 7872K, reserved 1048576K
}
Event: 3275.067 GC heap after
{Heap after GC invocations=306 (full 265):
 garbage-first heap   total reserved 1048576K, committed 102400K, used 43981K [0x00000000c0000000, 0x0000000100000000)
  region size 1024K, 0 young (0K), 0 survivors (0K)
 Metaspace       used 56908K, committed 57792K, reserved 1114112K
  class space    used 7495K, committed 7872K, reserved 1048576K
}
Event: 3288.528 GC heap before
{Heap before GC invocations=306 (full 265):
 garbage-first heap   total reserved 1048576K, committed 102400K, used 43981K [0x00000000c0000000, 0x0000000100000000)
  region size 1024K, 1 young (1024K), 0 survivors (0K)
 Metaspace       used 56908K, committed 57792K, reserved 1114112K
  class space    used 7495K, committed 7872K, reserved 1048576K
}

