# JRE version: OpenJDK Runtime Environment Temurin-21.0.5+11 (21.0.5+11) (build 21.0.5+11-LTS)
# Java VM: OpenJDK 64-Bit Server VM Temurin-21.0.5+11 (21.0.5+11-LTS, mixed mode, emulated-client, sharing, tiered, compressed oops, compressed class ptrs, g1 gc, windows-amd64)
GC Precious Log:
 CardTable entry size: 512
 Card Set container configuration: InlinePtr #cards 5 size 8 Array Of Cards #cards 12 size 40 Howl #buckets 4 coarsen threshold 1843 Howl Bitmap #cards 512 size 80 coarsen threshold 460 Card regions per heap region 1 cards per card region 2048
 CPUs: 12 total, 12 available
 Memory: 7885M
 Large Page Support: Disabled
 NUMA Support: Disabled
 Compressed Oops: Enabled (32-bit)
 Heap Region Size: 1M
 Heap Min Capacity: 8M
 Heap Initial Capacity: 124M
 Heap Max Capacity: 1G
 Pre-touch: Disabled
 Parallel Workers: 10
 Concurrent Workers: 3
 Concurrent Refinement Workers: 10
 Periodic GC: Disabled
Heap:
 garbage-first heap   total 106496K, used 41804K [0x00000000c0000000, 0x0000000100000000)
  region size 1024K, 1 young (1024K), 0 survivors (0K)
 Metaspace       used 57688K, committed 58624K, reserved 1114112K
  class space    used 7253K, committed 7680K, reserved 1048576K
GC Heap History (20 events):
Event: 933.877 GC heap after
{Heap after GC invocations=93 (full 20):
 garbage-first heap   total 106496K, used 41804K [0x00000000c0000000, 0x0000000100000000)
  region size 1024K, 0 young (0K), 0 survivors (0K)
 Metaspace       used 57688K, committed 58624K, reserved 1114112K
  class space    used 7253K, committed 7680K, reserved 1048576K
}
Event: 944.169 GC heap before
{Heap before GC invocations=93 (full 20):
 garbage-first heap   total 106496K, used 41804K [0x00000000c0000000, 0x0000000100000000)
  region size 1024K, 1 young (1024K), 0 survivors (0K)
 Metaspace       used 57688K, committed 58624K, reserved 1114112K
  class space    used 7253K, committed 7680K, reserved 1048576K
}
Event: 944.254 GC heap after
{Heap after GC invocations=94 (full 21):
 garbage-first heap   total 106496K, used 41804K [0x00000000c0000000, 0x0000000100000000)
  region size 1024K, 0 young (0K), 0 survivors (0K)
 Metaspace       used 57688K, committed 58624K, reserved 1114112K
  class space    used 7253K, committed 7680K, reserved 1048576K
}
Event: 954.511 GC heap before
{Heap before GC invocations=94 (full 21):
 garbage-first heap   total 106496K, used 41804K [0x00000000c0000000, 0x0000000100000000)
  region size 1024K, 1 young (1024K), 0 survivors (0K)
 Metaspace       used 57688K, committed 58624K, reserved 1114112K
  class space    used 7253K, committed 7680K, reserved 1048576K
}
Event: 954.636 GC heap after
{Heap after GC invocations=95 (full 22):
 garbage-first heap   total 106496K, used 41804K [0x00000000c0000000, 0x0000000100000000)
  region size 1024K, 0 young (0K), 0 survivors (0K)
 Metaspace       used 57688K, committed 58624K, reserved 1114112K
  class space    used 7253K, committed 7680K, reserved 1048576K
}
Event: 964.887 GC heap before
{Heap before GC invocations=95 (full 22):
 garbage-first heap   total 106496K, used 41804K [0x00000000c0000000, 0x0000000100000000)
  region size 1024K, 1 young (1024K), 0 survivors (0K)
 Metaspace       used 57688K, committed 58624K, reserved 1114112K
  class space    used 7253K, committed 7680K, reserved 1048576K
}
Event: 964.990 GC heap after
{Heap after GC invocations=96 (full 23):
 garbage-first heap   total 106496K, used 41804K [0x00000000c0000000, 0x0000000100000000)
  region size 1024K, 0 young (0K), 0 survivors (0K)
 Metaspace       used 57688K, committed 58624K, reserved 1114112K
  class space    used 7253K, committed 7680K, reserved 1048576K
}
Event: 975.352 GC heap before
{Heap before GC invocations=96 (full 23):
 garbage-first heap   total 106496K, used 41804K [0x00000000c0000000, 0x0000000100000000)
  region size 1024K, 1 young (1024K), 0 survivors (0K)
 Metaspace       used 57688K, committed 58624K, reserved 1114112K
  class space    used 7253K, committed 7680K, reserved 1048576K
}
Event: 975.451 GC heap after
{Heap after GC invocations=97 (full 24):
 garbage-first heap   total 106496K, used 41804K [0x00000000c0000000, 0x0000000100000000)
  region size 1024K, 0 young (0K), 0 survivors (0K)
 Metaspace       used 57688K, committed 58624K, reserved 1114112K
  class space    used 7253K, committed 7680K, reserved 1048576K
}
Event: 985.679 GC heap before
{Heap before GC invocations=97 (full 24):
 garbage-first heap   total 106496K, used 41804K [0x00000000c0000000, 0x0000000100000000)
  region size 1024K, 1 young (1024K), 0 survivors (0K)
 Metaspace       used 57688K, committed 58624K, reserved 1114112K
  class space    used 7253K, committed 7680K, reserved 1048576K
}
Event: 985.796 GC heap after
{Heap after GC invocations=98 (full 25):
 garbage-first heap   total 106496K, used 41804K [0x00000000c0000000, 0x0000000100000000)
  region size 1024K, 0 young (0K), 0 survivors (0K)
 Metaspace       used 57688K, committed 58624K, reserved 1114112K
  class space    used 7253K, committed 7680K, reserved 1048576K
}
Event: 996.034 GC heap before
{Heap before GC invocations=98 (full 25):
 garbage-first heap   total 106496K, used 41804K [0x00000000c0000000, 0x0000000100000000)
  region size 1024K, 1 young (1024K), 0 survivors (0K)
 Metaspace       used 57688K, committed 58624K, reserved 1114112K
  class space    used 7253K, committed 7680K, reserved 1048576K
}
Event: 996.142 GC heap after
{Heap after GC invocations=99 (full 26):
 garbage-first heap   total 106496K, used 41804K [0x00000000c0000000, 0x0000000100000000)
  region size 1024K, 0 young (0K), 0 survivors (0K)
 Metaspace       used 57688K, committed 58624K, reserved 1114112K
  class space    used 7253K, committed 7680K, reserved 1048576K
}
Event: 1006.396 GC heap before
{Heap before GC invocations=99 (full 26):
 garbage-first heap   total 106496K, used 41804K [0x00000000c0000000, 0x0000000100000000)
  region size 1024K, 1 young (1024K), 0 survivors (0K)
 Metaspace       used 57688K, committed 58624K, reserved 1114112K
  class space    used 7253K, committed 7680K, reserved 1048576K
}
Event: 1006.502 GC heap after
{Heap after GC invocations=100 (full 27):
 garbage-first heap   total 106496K, used 41804K [0x00000000c0000000, 0x0000000100000000)
  region size 1024K, 0 young (0K), 0 survivors (0K)
 Metaspace       used 57688K, committed 58624K, reserved 1114112K
  class space    used 7253K, committed 7680K, reserved 1048576K
}
Event: 1016.826 GC heap before
{Heap before GC invocations=100 (full 27):
 garbage-first heap   total 106496K, used 41804K [0x00000000c0000000, 0x0000000100000000)
  region size 1024K, 1 young (1024K), 0 survivors (0K)
 Metaspace       used 57688K, committed 58624K, reserved 1114112K
  class space    used 7253K, committed 7680K, reserved 1048576K
}
Event: 1016.926 GC heap after
{Heap after GC invocations=101 (full 28):
 garbage-first heap   total 106496K, used 41804K [0x00000000c0000000, 0x0000000100000000)
  region size 1024K, 0 young (0K), 0 survivors (0K)
 Metaspace       used 57688K, committed 58624K, reserved 1114112K
  class space    used 7253K, committed 7680K, reserved 1048576K
}
Event: 1027.204 GC heap before
{Heap before GC invocations=101 (full 28):
 garbage-first heap   total 106496K, used 41804K [0x00000000c0000000, 0x0000000100000000)
  region size 1024K, 1 young (1024K), 0 survivors (0K)
 Metaspace       used 57688K, committed 58624K, reserved 1114112K
  class space    used 7253K, committed 7680K, reserved 1048576K
}
Event: 1027.307 GC heap after
{Heap after GC invocations=102 (full 29):
 garbage-first heap   total 106496K, used 41804K [0x00000000c0000000, 0x0000000100000000)
  region size 1024K, 0 young (0K), 0 survivors (0K)
 Metaspace       used 57688K, committed 58624K, reserved 1114112K
  class space    used 7253K, committed 7680K, reserved 1048576K
}
Event: 1037.432 GC heap before
{Heap before GC invocations=102 (full 29):
 garbage-first heap   total 106496K, used 41804K [0x00000000c0000000, 0x0000000100000000)
  region size 1024K, 1 young (1024K), 0 survivors (0K)
 Metaspace       used 57688K, committed 58624K, reserved 1114112K
  class space    used 7253K, committed 7680K, reserved 1048576K
}

